<?xml version="1.0" encoding="UTF-8"?>
<testsuites tests="171" failures="0" disabled="0" errors="0" time="0.059" timestamp="2026-03-25T14:09:55.167" name="AllTests">
  <testsuite name="CoordinateTest" tests="24" failures="0" disabled="0" skipped="0" errors="0" time="0.008" timestamp="2026-03-25T14:09:55.168">
    <testcase name="DefaultConstructor_CreatesEmptyCoordinate" file="E:\program\trae\chart\code\geom\tests\test_coordinate.cpp" line="14" status="run" result="completed" time="0" timestamp="2026-03-25T14:09:55.168" classname="CoordinateTest" />
    <testcase name="Constructor2D_Creates2DCoordinate" file="E:\program\trae\chart\code\geom\tests\test_coordinate.cpp" line="22" status="run" result="completed" time="0" timestamp="2026-03-25T14:09:55.168" classname="CoordinateTest" />
    <testcase name="Constructor3D_Creates3DCoordinate" file="E:\program\trae\chart\code\geom\tests\test_coordinate.cpp" line="32" status="run" result="completed" time="0" timestamp="2026-03-25T14:09:55.168" classname="CoordinateTest" />
    <testcase name="Constructor4D_Creates4DCoordinate" file="E:\program\trae\chart\code\geom\tests\test_coordinate.cpp" line="42" status="run" result="completed" time="0" timestamp="2026-03-25T14:09:55.169" classname="CoordinateTest" />
    <testcase name="Is3D_ReturnsCorrectValue" file="E:\program\trae\chart\code\geom\tests\test_coordinate.cpp" line="52" status="run" result="completed" time="0" timestamp="2026-03-25T14:09:55.169" classname="CoordinateTest" />
    <testcase name="IsMeasured_ReturnsCorrectValue" file="E:\program\trae\chart\code\geom\tests\test_coordinate.cpp" line="58" status="run" result="completed" time="0" timestamp="2026-03-25T14:09:55.169" classname="CoordinateTest" />
    <testcase name="IsEmpty_ReturnsCorrectValue" file="E:\program\trae\chart\code\geom\tests\test_coordinate.cpp" line="64" status="run" result="completed" time="0" timestamp="2026-03-25T14:09:55.170" classname="CoordinateTest" />
    <testcase name="Distance_CalculatesCorrectly" file="E:\program\trae\chart\code\geom\tests\test_coordinate.cpp" line="71" status="run" result="completed" time="0" timestamp="2026-03-25T14:09:55.170" classname="CoordinateTest" />
    <testcase name="Distance3D_CalculatesCorrectly" file="E:\program\trae\chart\code\geom\tests\test_coordinate.cpp" line="82" status="run" result="completed" time="0" timestamp="2026-03-25T14:09:55.170" classname="CoordinateTest" />
    <testcase name="Equals_ReturnsCorrectValue" file="E:\program\trae\chart\code\geom\tests\test_coordinate.cpp" line="92" status="run" result="completed" time="0" timestamp="2026-03-25T14:09:55.171" classname="CoordinateTest" />
    <testcase name="OperatorPlus_AddsCoordinates" file="E:\program\trae\chart\code\geom\tests\test_coordinate.cpp" line="102" status="run" result="completed" time="0" timestamp="2026-03-25T14:09:55.171" classname="CoordinateTest" />
    <testcase name="OperatorPlus_3DCoordinates" file="E:\program\trae\chart\code\geom\tests\test_coordinate.cpp" line="112" status="run" result="completed" time="0" timestamp="2026-03-25T14:09:55.171" classname="CoordinateTest" />
    <testcase name="OperatorMinus_SubtractsCoordinates" file="E:\program\trae\chart\code\geom\tests\test_coordinate.cpp" line="122" status="run" result="completed" time="0" timestamp="2026-03-25T14:09:55.172" classname="CoordinateTest" />
    <testcase name="OperatorMultiply_ScalesCoordinate" file="E:\program\trae\chart\code\geom\tests\test_coordinate.cpp" line="131" status="run" result="completed" time="0" timestamp="2026-03-25T14:09:55.172" classname="CoordinateTest" />
    <testcase name="OperatorEqualEqual_ReturnsCorrectValue" file="E:\program\trae\chart\code\geom\tests\test_coordinate.cpp" line="140" status="run" result="completed" time="0" timestamp="2026-03-25T14:09:55.172" classname="CoordinateTest" />
    <testcase name="OperatorNotEqual_ReturnsCorrectValue" file="E:\program\trae\chart\code\geom\tests\test_coordinate.cpp" line="145" status="run" result="completed" time="0" timestamp="2026-03-25T14:09:55.173" classname="CoordinateTest" />
    <testcase name="Dot_CalculatesCorrectly" file="E:\program\trae\chart\code\geom\tests\test_coordinate.cpp" line="150" status="run" result="completed" time="0" timestamp="2026-03-25T14:09:55.173" classname="CoordinateTest" />
    <testcase name="Cross_CalculatesCorrectly" file="E:\program\trae\chart\code\geom\tests\test_coordinate.cpp" line="164" status="run" result="completed" time="0" timestamp="2026-03-25T14:09:55.174" classname="CoordinateTest" />
    <testcase name="Length_CalculatesCorrectly" file="E:\program\trae\chart\code\geom\tests\test_coordinate.cpp" line="176" status="run" result="completed" time="0" timestamp="2026-03-25T14:09:55.174" classname="CoordinateTest" />
    <testcase name="Normalize_ReturnsUnitVector" file="E:\program\trae\chart\code\geom\tests\test_coordinate.cpp" line="182" status="run" result="completed" time="0" timestamp="2026-03-25T14:09:55.174" classname="CoordinateTest" />
    <testcase name="Normalize_ZeroVector_ReturnsSame" file="E:\program\trae\chart\code\geom\tests\test_coordinate.cpp" line="191" status="run" result="completed" time="0" timestamp="2026-03-25T14:09:55.175" classname="CoordinateTest" />
    <testcase name="FromPolar_CreatesCorrectCoordinate" file="E:\program\trae\chart\code\geom\tests\test_coordinate.cpp" line="198" status="run" result="completed" time="0" timestamp="2026-03-25T14:09:55.175" classname="CoordinateTest" />
    <testcase name="ToWKT_ReturnsCorrectFormat" file="E:\program\trae\chart\code\geom\tests\test_coordinate.cpp" line="208" status="run" result="completed" time="0" timestamp="2026-03-25T14:09:55.175" classname="CoordinateTest" />
    <testcase name="Empty_CreatesEmptyCoordinate" file="E:\program\trae\chart\code\geom\tests\test_coordinate.cpp" line="221" status="run" result="completed" time="0" timestamp="2026-03-25T14:09:55.176" classname="CoordinateTest" />
  </testsuite>
  <testsuite name="EnvelopeTest" tests="33" failures="0" disabled="0" skipped="0" errors="0" time="0.01" timestamp="2026-03-25T14:09:55.176">
    <testcase name="DefaultConstructor_CreatesNullEnvelope" file="E:\program\trae\chart\code\geom\tests\test_envelope.cpp" line="13" status="run" result="completed" time="0" timestamp="2026-03-25T14:09:55.177" classname="EnvelopeTest" />
    <testcase name="ConstructorFromBounds_CreatesValidEnvelope" file="E:\program\trae\chart\code\geom\tests\test_envelope.cpp" line="19" status="run" result="completed" time="0" timestamp="2026-03-25T14:09:55.177" classname="EnvelopeTest" />
    <testcase name="ConstructorFromBounds_NormalizesBounds" file="E:\program\trae\chart\code\geom\tests\test_envelope.cpp" line="28" status="run" result="completed" time="0" timestamp="2026-03-25T14:09:55.177" classname="EnvelopeTest" />
    <testcase name="ConstructorFromCoordinates_CreatesValidEnvelope" file="E:\program\trae\chart\code\geom\tests\test_envelope.cpp" line="36" status="run" result="completed" time="0" timestamp="2026-03-25T14:09:55.178" classname="EnvelopeTest" />
    <testcase name="ConstructorFromCoordinateList_CreatesValidEnvelope" file="E:\program\trae\chart\code\geom\tests\test_envelope.cpp" line="47" status="run" result="completed" time="0" timestamp="2026-03-25T14:09:55.178" classname="EnvelopeTest" />
    <testcase name="GetWidth_ReturnsCorrectValue" file="E:\program\trae\chart\code\geom\tests\test_envelope.cpp" line="60" status="run" result="completed" time="0" timestamp="2026-03-25T14:09:55.178" classname="EnvelopeTest" />
    <testcase name="GetHeight_ReturnsCorrectValue" file="E:\program\trae\chart\code\geom\tests\test_envelope.cpp" line="68" status="run" result="completed" time="0" timestamp="2026-03-25T14:09:55.179" classname="EnvelopeTest" />
    <testcase name="GetArea_ReturnsCorrectValue" file="E:\program\trae\chart\code\geom\tests\test_envelope.cpp" line="76" status="run" result="completed" time="0" timestamp="2026-03-25T14:09:55.179" classname="EnvelopeTest" />
    <testcase name="GetPerimeter_ReturnsCorrectValue" file="E:\program\trae\chart\code\geom\tests\test_envelope.cpp" line="84" status="run" result="completed" time="0" timestamp="2026-03-25T14:09:55.179" classname="EnvelopeTest" />
    <testcase name="GetCentre_ReturnsCorrectCoordinate" file="E:\program\trae\chart\code\geom\tests\test_envelope.cpp" line="92" status="run" result="completed" time="0" timestamp="2026-03-25T14:09:55.180" classname="EnvelopeTest" />
    <testcase name="GetCentre_NullEnvelope_ReturnsEmpty" file="E:\program\trae\chart\code\geom\tests\test_envelope.cpp" line="100" status="run" result="completed" time="0" timestamp="2026-03-25T14:09:55.180" classname="EnvelopeTest" />
    <testcase name="IsPoint_ReturnsCorrectValue" file="E:\program\trae\chart\code\geom\tests\test_envelope.cpp" line="105" status="run" result="completed" time="0" timestamp="2026-03-25T14:09:55.180" classname="EnvelopeTest" />
    <testcase name="SetNull_ResetsEnvelope" file="E:\program\trae\chart\code\geom\tests\test_envelope.cpp" line="116" status="run" result="completed" time="0" timestamp="2026-03-25T14:09:55.181" classname="EnvelopeTest" />
    <testcase name="ExpandToInclude_Coordinate_ExpandsEnvelope" file="E:\program\trae\chart\code\geom\tests\test_envelope.cpp" line="122" status="run" result="completed" time="0" timestamp="2026-03-25T14:09:55.181" classname="EnvelopeTest" />
    <testcase name="ExpandToInclude_Coordinate_NullEnvelope" file="E:\program\trae\chart\code\geom\tests\test_envelope.cpp" line="130" status="run" result="completed" time="0" timestamp="2026-03-25T14:09:55.181" classname="EnvelopeTest" />
    <testcase name="ExpandToInclude_CoordinateList_ExpandsEnvelope" file="E:\program\trae\chart\code\geom\tests\test_envelope.cpp" line="141" status="run" result="completed" time="0" timestamp="2026-03-25T14:09:55.182" classname="EnvelopeTest" />
    <testcase name="ExpandToInclude_Envelope_ExpandsEnvelope" file="E:\program\trae\chart\code\geom\tests\test_envelope.cpp" line="155" status="run" result="completed" time="0" timestamp="2026-03-25T14:09:55.182" classname="EnvelopeTest" />
    <testcase name="ExpandBy_ExpandsEnvelope" file="E:\program\trae\chart\code\geom\tests\test_envelope.cpp" line="166" status="run" result="completed" time="0" timestamp="2026-03-25T14:09:55.182" classname="EnvelopeTest" />
    <testcase name="Contains_Coordinate_ReturnsCorrectValue" file="E:\program\trae\chart\code\geom\tests\test_envelope.cpp" line="176" status="run" result="completed" time="0" timestamp="2026-03-25T14:09:55.183" classname="EnvelopeTest" />
    <testcase name="Contains_Envelope_ReturnsCorrectValue" file="E:\program\trae\chart\code\geom\tests\test_envelope.cpp" line="186" status="run" result="completed" time="0" timestamp="2026-03-25T14:09:55.183" classname="EnvelopeTest" />
    <testcase name="Intersects_ReturnsCorrectValue" file="E:\program\trae\chart\code\geom\tests\test_envelope.cpp" line="196" status="run" result="completed" time="0" timestamp="2026-03-25T14:09:55.183" classname="EnvelopeTest" />
    <testcase name="Overlaps_ReturnsCorrectValue" file="E:\program\trae\chart\code\geom\tests\test_envelope.cpp" line="207" status="run" result="completed" time="0" timestamp="2026-03-25T14:09:55.184" classname="EnvelopeTest" />
    <testcase name="Equals_ReturnsCorrectValue" file="E:\program\trae\chart\code\geom\tests\test_envelope.cpp" line="216" status="run" result="completed" time="0" timestamp="2026-03-25T14:09:55.184" classname="EnvelopeTest" />
    <testcase name="Intersection_ReturnsCorrectEnvelope" file="E:\program\trae\chart\code\geom\tests\test_envelope.cpp" line="226" status="run" result="completed" time="0" timestamp="2026-03-25T14:09:55.184" classname="EnvelopeTest" />
    <testcase name="Intersection_NoIntersection_ReturnsNull" file="E:\program\trae\chart\code\geom\tests\test_envelope.cpp" line="237" status="run" result="completed" time="0" timestamp="2026-03-25T14:09:55.185" classname="EnvelopeTest" />
    <testcase name="Union_ReturnsCorrectEnvelope" file="E:\program\trae\chart\code\geom\tests\test_envelope.cpp" line="245" status="run" result="completed" time="0" timestamp="2026-03-25T14:09:55.185" classname="EnvelopeTest" />
    <testcase name="Union_WithNull_ReturnsOther" file="E:\program\trae\chart\code\geom\tests\test_envelope.cpp" line="256" status="run" result="completed" time="0" timestamp="2026-03-25T14:09:55.185" classname="EnvelopeTest" />
    <testcase name="Distance_Coordinate_ReturnsCorrectValue" file="E:\program\trae\chart\code\geom\tests\test_envelope.cpp" line="267" status="run" result="completed" time="0" timestamp="2026-03-25T14:09:55.185" classname="EnvelopeTest" />
    <testcase name="Distance_Envelope_ReturnsCorrectValue" file="E:\program\trae\chart\code\geom\tests\test_envelope.cpp" line="276" status="run" result="completed" time="0" timestamp="2026-03-25T14:09:55.186" classname="EnvelopeTest" />
    <testcase name="Distance_IntersectingEnvelopes_ReturnsZero" file="E:\program\trae\chart\code\geom\tests\test_envelope.cpp" line="285" status="run" result="completed" time="0" timestamp="2026-03-25T14:09:55.186" classname="EnvelopeTest" />
    <testcase name="GetLowerLeft_GetUpperRight_ReturnCorrectCoordinates" file="E:\program\trae\chart\code\geom\tests\test_envelope.cpp" line="292" status="run" result="completed" time="0" timestamp="2026-03-25T14:09:55.186" classname="EnvelopeTest" />
    <testcase name="OperatorEqualEqual_ReturnsCorrectValue" file="E:\program\trae\chart\code\geom\tests\test_envelope.cpp" line="304" status="run" result="completed" time="0" timestamp="2026-03-25T14:09:55.187" classname="EnvelopeTest" />
    <testcase name="OperatorNotEqual_ReturnsCorrectValue" file="E:\program\trae\chart\code\geom\tests\test_envelope.cpp" line="313" status="run" result="completed" time="0" timestamp="2026-03-25T14:09:55.187" classname="EnvelopeTest" />
  </testsuite>
  <testsuite name="PointTest" tests="32" failures="0" disabled="0" skipped="0" errors="0" time="0.01" timestamp="2026-03-25T14:09:55.188">
    <testcase name="Create2D_ReturnsValidPoint" file="E:\program\trae\chart\code\geom\tests\test_point.cpp" line="14" status="run" result="completed" time="0" timestamp="2026-03-25T14:09:55.188" classname="PointTest" />
    <testcase name="Create3D_ReturnsValidPoint" file="E:\program\trae\chart\code\geom\tests\test_point.cpp" line="23" status="run" result="completed" time="0" timestamp="2026-03-25T14:09:55.188" classname="PointTest" />
    <testcase name="Create4D_ReturnsValidPoint" file="E:\program\trae\chart\code\geom\tests\test_point.cpp" line="33" status="run" result="completed" time="0" timestamp="2026-03-25T14:09:55.188" classname="PointTest" />
    <testcase name="CreateFromCoordinate_ReturnsValidPoint" file="E:\program\trae\chart\code\geom\tests\test_point.cpp" line="44" status="run" result="completed" time="0" timestamp="2026-03-25T14:09:55.189" classname="PointTest" />
    <testcase name="GetGeometryType_ReturnsPoint" file="E:\program\trae\chart\code\geom\tests\test_point.cpp" line="53" status="run" result="completed" time="0" timestamp="2026-03-25T14:09:55.189" classname="PointTest" />
    <testcase name="GetGeometryTypeString_ReturnsPointString" file="E:\program\trae\chart\code\geom\tests\test_point.cpp" line="58" status="run" result="completed" time="0" timestamp="2026-03-25T14:09:55.189" classname="PointTest" />
    <testcase name="GetDimension_ReturnsPointDimension" file="E:\program\trae\chart\code\geom\tests\test_point.cpp" line="63" status="run" result="completed" time="0" timestamp="2026-03-25T14:09:55.190" classname="PointTest" />
    <testcase name="GetCoordinateDimension_ReturnsCorrectValue" file="E:\program\trae\chart\code\geom\tests\test_point.cpp" line="68" status="run" result="completed" time="0" timestamp="2026-03-25T14:09:55.190" classname="PointTest" />
    <testcase name="IsEmpty_ReturnsCorrectValue" file="E:\program\trae\chart\code\geom\tests\test_point.cpp" line="79" status="run" result="completed" time="0" timestamp="2026-03-25T14:09:55.190" classname="PointTest" />
    <testcase name="SetCoordinate_UpdatesPoint" file="E:\program\trae\chart\code\geom\tests\test_point.cpp" line="87" status="run" result="completed" time="0" timestamp="2026-03-25T14:09:55.191" classname="PointTest" />
    <testcase name="SetX_SetY_SetZ_SetM_UpdateCoordinates" file="E:\program\trae\chart\code\geom\tests\test_point.cpp" line="95" status="run" result="completed" time="0" timestamp="2026-03-25T14:09:55.191" classname="PointTest" />
    <testcase name="OperatorPlus_AddsPoints" file="E:\program\trae\chart\code\geom\tests\test_point.cpp" line="113" status="run" result="completed" time="0" timestamp="2026-03-25T14:09:55.191" classname="PointTest" />
    <testcase name="OperatorMinus_SubtractsPoints" file="E:\program\trae\chart\code\geom\tests\test_point.cpp" line="123" status="run" result="completed" time="0" timestamp="2026-03-25T14:09:55.192" classname="PointTest" />
    <testcase name="OperatorMultiply_ScalesPoint" file="E:\program\trae\chart\code\geom\tests\test_point.cpp" line="133" status="run" result="completed" time="0" timestamp="2026-03-25T14:09:55.192" classname="PointTest" />
    <testcase name="Dot_CalculatesCorrectly" file="E:\program\trae\chart\code\geom\tests\test_point.cpp" line="142" status="run" result="completed" time="0" timestamp="2026-03-25T14:09:55.193" classname="PointTest" />
    <testcase name="Cross_CalculatesCorrectly" file="E:\program\trae\chart\code\geom\tests\test_point.cpp" line="149" status="run" result="completed" time="0" timestamp="2026-03-25T14:09:55.193" classname="PointTest" />
    <testcase name="IsCollinear_ReturnsCorrectValue" file="E:\program\trae\chart\code\geom\tests\test_point.cpp" line="156" status="run" result="completed" time="0" timestamp="2026-03-25T14:09:55.193" classname="PointTest" />
    <testcase name="IsBetween_ReturnsCorrectValue" file="E:\program\trae\chart\code\geom\tests\test_point.cpp" line="166" status="run" result="completed" time="0" timestamp="2026-03-25T14:09:55.194" classname="PointTest" />
    <testcase name="Normalize_ReturnsUnitPoint" file="E:\program\trae\chart\code\geom\tests\test_point.cpp" line="176" status="run" result="completed" time="0" timestamp="2026-03-25T14:09:55.194" classname="PointTest" />
    <testcase name="FromPolar_CreatesCorrectPoint" file="E:\program\trae\chart\code\geom\tests\test_point.cpp" line="185" status="run" result="completed" time="0" timestamp="2026-03-25T14:09:55.194" classname="PointTest" />
    <testcase name="Centroid_CalculatesCorrectly" file="E:\program\trae\chart\code\geom\tests\test_point.cpp" line="195" status="run" result="completed" time="0" timestamp="2026-03-25T14:09:55.195" classname="PointTest" />
    <testcase name="Centroid_EmptyList_ReturnsEmptyPoint" file="E:\program\trae\chart\code\geom\tests\test_point.cpp" line="207" status="run" result="completed" time="0" timestamp="2026-03-25T14:09:55.195" classname="PointTest" />
    <testcase name="GetNumCoordinates_ReturnsCorrectValue" file="E:\program\trae\chart\code\geom\tests\test_point.cpp" line="213" status="run" result="completed" time="0" timestamp="2026-03-25T14:09:55.195" classname="PointTest" />
    <testcase name="GetCoordinateN_ReturnsCorrectCoordinate" file="E:\program\trae\chart\code\geom\tests\test_point.cpp" line="221" status="run" result="completed" time="0" timestamp="2026-03-25T14:09:55.196" classname="PointTest" />
    <testcase name="GetCoordinateN_InvalidIndex_ThrowsException" file="E:\program\trae\chart\code\geom\tests\test_point.cpp" line="230" status="run" result="completed" time="0" timestamp="2026-03-25T14:09:55.196" classname="PointTest" />
    <testcase name="GetCoordinates_ReturnsCoordinateList" file="E:\program\trae\chart\code\geom\tests\test_point.cpp" line="235" status="run" result="completed" time="0" timestamp="2026-03-25T14:09:55.196" classname="PointTest" />
    <testcase name="AsText_ReturnsCorrectWKT" file="E:\program\trae\chart\code\geom\tests\test_point.cpp" line="244" status="run" result="completed" time="0" timestamp="2026-03-25T14:09:55.197" classname="PointTest" />
    <testcase name="AsText_EmptyPoint_ReturnsEmptyWKT" file="E:\program\trae\chart\code\geom\tests\test_point.cpp" line="258" status="run" result="completed" time="0" timestamp="2026-03-25T14:09:55.197" classname="PointTest" />
    <testcase name="Clone_ReturnsIdenticalPoint" file="E:\program\trae\chart\code\geom\tests\test_point.cpp" line="263" status="run" result="completed" time="0" timestamp="2026-03-25T14:09:55.197" classname="PointTest" />
    <testcase name="CloneEmpty_ReturnsEmptyPoint" file="E:\program\trae\chart\code\geom\tests\test_point.cpp" line="276" status="run" result="completed" time="0" timestamp="2026-03-25T14:09:55.198" classname="PointTest" />
    <testcase name="GetEnvelope_ReturnsCorrectEnvelope" file="E:\program\trae\chart\code\geom\tests\test_point.cpp" line="285" status="run" result="completed" time="0" timestamp="2026-03-25T14:09:55.198" classname="PointTest" />
    <testcase name="GetEnvelope_EmptyPoint_ReturnsNullEnvelope" file="E:\program\trae\chart\code\geom\tests\test_point.cpp" line="295" status="run" result="completed" time="0" timestamp="2026-03-25T14:09:55.198" classname="PointTest" />
  </testsuite>
  <testsuite name="LineStringTest" tests="36" failures="0" disabled="0" skipped="0" errors="0" time="0.012" timestamp="2026-03-25T14:09:55.199">
    <testcase name="Create_Default_ReturnsEmptyLineString" file="E:\program\trae\chart\code\geom\tests\test_linestring.cpp" line="13" status="run" result="completed" time="0" timestamp="2026-03-25T14:09:55.199" classname="LineStringTest" />
    <testcase name="CreateFromCoordinates_ReturnsValidLineString" file="E:\program\trae\chart\code\geom\tests\test_linestring.cpp" line="20" status="run" result="completed" time="0" timestamp="2026-03-25T14:09:55.199" classname="LineStringTest" />
    <testcase name="GetGeometryType_ReturnsLineString" file="E:\program\trae\chart\code\geom\tests\test_linestring.cpp" line="32" status="run" result="completed" time="0" timestamp="2026-03-25T14:09:55.200" classname="LineStringTest" />
    <testcase name="GetGeometryTypeString_ReturnsCorrectString" file="E:\program\trae\chart\code\geom\tests\test_linestring.cpp" line="37" status="run" result="completed" time="0" timestamp="2026-03-25T14:09:55.200" classname="LineStringTest" />
    <testcase name="GetDimension_ReturnsCurveDimension" file="E:\program\trae\chart\code\geom\tests\test_linestring.cpp" line="42" status="run" result="completed" time="0" timestamp="2026-03-25T14:09:55.200" classname="LineStringTest" />
    <testcase name="Is3D_ReturnsCorrectValue" file="E:\program\trae\chart\code\geom\tests\test_linestring.cpp" line="47" status="run" result="completed" time="0" timestamp="2026-03-25T14:09:55.201" classname="LineStringTest" />
    <testcase name="IsMeasured_ReturnsCorrectValue" file="E:\program\trae\chart\code\geom\tests\test_linestring.cpp" line="61" status="run" result="completed" time="0" timestamp="2026-03-25T14:09:55.201" classname="LineStringTest" />
    <testcase name="IsClosed_ReturnsCorrectValue" file="E:\program\trae\chart\code\geom\tests\test_linestring.cpp" line="74" status="run" result="completed" time="0" timestamp="2026-03-25T14:09:55.201" classname="LineStringTest" />
    <testcase name="IsRing_ReturnsCorrectValue" file="E:\program\trae\chart\code\geom\tests\test_linestring.cpp" line="89" status="run" result="completed" time="0" timestamp="2026-03-25T14:09:55.202" classname="LineStringTest" />
    <testcase name="GetNumPoints_ReturnsCorrectValue" file="E:\program\trae\chart\code\geom\tests\test_linestring.cpp" line="105" status="run" result="completed" time="0" timestamp="2026-03-25T14:09:55.202" classname="LineStringTest" />
    <testcase name="GetCoordinateN_ReturnsCorrectCoordinate" file="E:\program\trae\chart\code\geom\tests\test_linestring.cpp" line="116" status="run" result="completed" time="0" timestamp="2026-03-25T14:09:55.202" classname="LineStringTest" />
    <testcase name="GetCoordinateN_InvalidIndex_ThrowsException" file="E:\program\trae\chart\code\geom\tests\test_linestring.cpp" line="129" status="run" result="completed" time="0" timestamp="2026-03-25T14:09:55.203" classname="LineStringTest" />
    <testcase name="GetPointN_ReturnsCorrectPoint" file="E:\program\trae\chart\code\geom\tests\test_linestring.cpp" line="134" status="run" result="completed" time="0" timestamp="2026-03-25T14:09:55.203" classname="LineStringTest" />
    <testcase name="GetStartPoint_ReturnsFirstPoint" file="E:\program\trae\chart\code\geom\tests\test_linestring.cpp" line="150" status="run" result="completed" time="0" timestamp="2026-03-25T14:09:55.203" classname="LineStringTest" />
    <testcase name="GetEndPoint_ReturnsLastPoint" file="E:\program\trae\chart\code\geom\tests\test_linestring.cpp" line="162" status="run" result="completed" time="0" timestamp="2026-03-25T14:09:55.204" classname="LineStringTest" />
    <testcase name="SetCoordinates_UpdatesCoordinates" file="E:\program\trae\chart\code\geom\tests\test_linestring.cpp" line="174" status="run" result="completed" time="0" timestamp="2026-03-25T14:09:55.204" classname="LineStringTest" />
    <testcase name="AddPoint_AddsCoordinate" file="E:\program\trae\chart\code\geom\tests\test_linestring.cpp" line="186" status="run" result="completed" time="0" timestamp="2026-03-25T14:09:55.204" classname="LineStringTest" />
    <testcase name="InsertPoint_InsertsCoordinate" file="E:\program\trae\chart\code\geom\tests\test_linestring.cpp" line="194" status="run" result="completed" time="0" timestamp="2026-03-25T14:09:55.205" classname="LineStringTest" />
    <testcase name="RemovePoint_RemovesCoordinate" file="E:\program\trae\chart\code\geom\tests\test_linestring.cpp" line="206" status="run" result="completed" time="0" timestamp="2026-03-25T14:09:55.205" classname="LineStringTest" />
    <testcase name="Clear_RemovesAllCoordinates" file="E:\program\trae\chart\code\geom\tests\test_linestring.cpp" line="219" status="run" result="completed" time="0" timestamp="2026-03-25T14:09:55.206" classname="LineStringTest" />
    <testcase name="GetNumSegments_ReturnsCorrectValue" file="E:\program\trae\chart\code\geom\tests\test_linestring.cpp" line="231" status="run" result="completed" time="0" timestamp="2026-03-25T14:09:55.206" classname="LineStringTest" />
    <testcase name="GetSegment_ReturnsCorrectSegment" file="E:\program\trae\chart\code\geom\tests\test_linestring.cpp" line="242" status="run" result="completed" time="0" timestamp="2026-03-25T14:09:55.206" classname="LineStringTest" />
    <testcase name="Length_CalculatesCorrectly" file="E:\program\trae\chart\code\geom\tests\test_linestring.cpp" line="255" status="run" result="completed" time="0" timestamp="2026-03-25T14:09:55.206" classname="LineStringTest" />
    <testcase name="Length3D_CalculatesCorrectly" file="E:\program\trae\chart\code\geom\tests\test_linestring.cpp" line="266" status="run" result="completed" time="0" timestamp="2026-03-25T14:09:55.207" classname="LineStringTest" />
    <testcase name="GetCumulativeLength_ReturnsCorrectValues" file="E:\program\trae\chart\code\geom\tests\test_linestring.cpp" line="275" status="run" result="completed" time="0" timestamp="2026-03-25T14:09:55.207" classname="LineStringTest" />
    <testcase name="Interpolate_ReturnsInterpolatedPoint" file="E:\program\trae\chart\code\geom\tests\test_linestring.cpp" line="289" status="run" result="completed" time="0" timestamp="2026-03-25T14:09:55.207" classname="LineStringTest" />
    <testcase name="Interpolate_BeyondLength_ReturnsEndPoint" file="E:\program\trae\chart\code\geom\tests\test_linestring.cpp" line="300" status="run" result="completed" time="0" timestamp="2026-03-25T14:09:55.208" classname="LineStringTest" />
    <testcase name="GetSubLine_ReturnsCorrectSubLine" file="E:\program\trae\chart\code\geom\tests\test_linestring.cpp" line="311" status="run" result="completed" time="0" timestamp="2026-03-25T14:09:55.208" classname="LineStringTest" />
    <testcase name="RemoveDuplicatePoints_RemovesDuplicates" file="E:\program\trae\chart\code\geom\tests\test_linestring.cpp" line="324" status="run" result="completed" time="0" timestamp="2026-03-25T14:09:55.208" classname="LineStringTest" />
    <testcase name="IsStraight_ReturnsCorrectValue" file="E:\program\trae\chart\code\geom\tests\test_linestring.cpp" line="338" status="run" result="completed" time="0" timestamp="2026-03-25T14:09:55.209" classname="LineStringTest" />
    <testcase name="AsText_ReturnsCorrectWKT" file="E:\program\trae\chart\code\geom\tests\test_linestring.cpp" line="355" status="run" result="completed" time="0" timestamp="2026-03-25T14:09:55.209" classname="LineStringTest" />
    <testcase name="AsText_EmptyLine_ReturnsEmptyWKT" file="E:\program\trae\chart\code\geom\tests\test_linestring.cpp" line="367" status="run" result="completed" time="0" timestamp="2026-03-25T14:09:55.210" classname="LineStringTest" />
    <testcase name="Clone_ReturnsIdenticalLineString" file="E:\program\trae\chart\code\geom\tests\test_linestring.cpp" line="372" status="run" result="completed" time="0" timestamp="2026-03-25T14:09:55.210" classname="LineStringTest" />
    <testcase name="CloneEmpty_ReturnsEmptyLineString" file="E:\program\trae\chart\code\geom\tests\test_linestring.cpp" line="386" status="run" result="completed" time="0" timestamp="2026-03-25T14:09:55.210" classname="LineStringTest" />
    <testcase name="GetEnvelope_ReturnsCorrectEnvelope" file="E:\program\trae\chart\code\geom\tests\test_linestring.cpp" line="395" status="run" result="completed" time="0" timestamp="2026-03-25T14:09:55.210" classname="LineStringTest" />
    <testcase name="Iterator_BeginEnd_WorksCorrectly" file="E:\program\trae\chart\code\geom\tests\test_linestring.cpp" line="409" status="run" result="completed" time="0" timestamp="2026-03-25T14:09:55.211" classname="LineStringTest" />
  </testsuite>
  <testsuite name="PolygonTest" tests="33" failures="0" disabled="0" skipped="0" errors="0" time="0.01" timestamp="2026-03-25T14:09:55.211">
    <testcase name="Create_Default_ReturnsEmptyPolygon" file="E:\program\trae\chart\code\geom\tests\test_polygon.cpp" line="14" status="run" result="completed" time="0" timestamp="2026-03-25T14:09:55.211" classname="PolygonTest" />
    <testcase name="CreateWithExteriorRing_ReturnsValidPolygon" file="E:\program\trae\chart\code\geom\tests\test_polygon.cpp" line="20" status="run" result="completed" time="0" timestamp="2026-03-25T14:09:55.212" classname="PolygonTest" />
    <testcase name="GetGeometryType_ReturnsPolygon" file="E:\program\trae\chart\code\geom\tests\test_polygon.cpp" line="29" status="run" result="completed" time="0" timestamp="2026-03-25T14:09:55.212" classname="PolygonTest" />
    <testcase name="GetGeometryTypeString_ReturnsCorrectString" file="E:\program\trae\chart\code\geom\tests\test_polygon.cpp" line="34" status="run" result="completed" time="0" timestamp="2026-03-25T14:09:55.212" classname="PolygonTest" />
    <testcase name="GetDimension_ReturnsSurfaceDimension" file="E:\program\trae\chart\code\geom\tests\test_polygon.cpp" line="39" status="run" result="completed" time="0" timestamp="2026-03-25T14:09:55.213" classname="PolygonTest" />
    <testcase name="Is3D_ReturnsCorrectValue" file="E:\program\trae\chart\code\geom\tests\test_polygon.cpp" line="44" status="run" result="completed" time="0" timestamp="2026-03-25T14:09:55.213" classname="PolygonTest" />
    <testcase name="SetExteriorRing_UpdatesPolygon" file="E:\program\trae\chart\code\geom\tests\test_polygon.cpp" line="59" status="run" result="completed" time="0" timestamp="2026-03-25T14:09:55.213" classname="PolygonTest" />
    <testcase name="GetExteriorRing_ReturnsCorrectRing" file="E:\program\trae\chart\code\geom\tests\test_polygon.cpp" line="68" status="run" result="completed" time="0" timestamp="2026-03-25T14:09:55.214" classname="PolygonTest" />
    <testcase name="AddInteriorRing_AddsHole" file="E:\program\trae\chart\code\geom\tests\test_polygon.cpp" line="77" status="run" result="completed" time="0" timestamp="2026-03-25T14:09:55.214" classname="PolygonTest" />
    <testcase name="RemoveInteriorRing_RemovesHole" file="E:\program\trae\chart\code\geom\tests\test_polygon.cpp" line="88" status="run" result="completed" time="0" timestamp="2026-03-25T14:09:55.214" classname="PolygonTest" />
    <testcase name="GetInteriorRingN_ReturnsCorrectRing" file="E:\program\trae\chart\code\geom\tests\test_polygon.cpp" line="99" status="run" result="completed" time="0" timestamp="2026-03-25T14:09:55.215" classname="PolygonTest" />
    <testcase name="ClearRings_RemovesAllRings" file="E:\program\trae\chart\code\geom\tests\test_polygon.cpp" line="111" status="run" result="completed" time="0" timestamp="2026-03-25T14:09:55.215" classname="PolygonTest" />
    <testcase name="Area_CalculatesCorrectly" file="E:\program\trae\chart\code\geom\tests\test_polygon.cpp" line="123" status="run" result="completed" time="0" timestamp="2026-03-25T14:09:55.215" classname="PolygonTest" />
    <testcase name="Area_WithHole_CalculatesCorrectly" file="E:\program\trae\chart\code\geom\tests\test_polygon.cpp" line="128" status="run" result="completed" time="0" timestamp="2026-03-25T14:09:55.215" classname="PolygonTest" />
    <testcase name="GetPerimeter_CalculatesCorrectly" file="E:\program\trae\chart\code\geom\tests\test_polygon.cpp" line="139" status="run" result="completed" time="0" timestamp="2026-03-25T14:09:55.216" classname="PolygonTest" />
    <testcase name="GetExteriorArea_ReturnsExteriorRingArea" file="E:\program\trae\chart\code\geom\tests\test_polygon.cpp" line="144" status="run" result="completed" time="0" timestamp="2026-03-25T14:09:55.216" classname="PolygonTest" />
    <testcase name="GetInteriorArea_ReturnsHolesArea" file="E:\program\trae\chart\code\geom\tests\test_polygon.cpp" line="154" status="run" result="completed" time="0" timestamp="2026-03-25T14:09:55.216" classname="PolygonTest" />
    <testcase name="GetSolidity_CalculatesCorrectly" file="E:\program\trae\chart\code\geom\tests\test_polygon.cpp" line="164" status="run" result="completed" time="0" timestamp="2026-03-25T14:09:55.217" classname="PolygonTest" />
    <testcase name="GetCompactness_CalculatesCorrectly" file="E:\program\trae\chart\code\geom\tests\test_polygon.cpp" line="175" status="run" result="completed" time="0" timestamp="2026-03-25T14:09:55.217" classname="PolygonTest" />
    <testcase name="RemoveHoles_ReturnsPolygonWithoutHoles" file="E:\program\trae\chart\code\geom\tests\test_polygon.cpp" line="186" status="run" result="completed" time="0" timestamp="2026-03-25T14:09:55.217" classname="PolygonTest" />
    <testcase name="CreateRectangle_ReturnsValidPolygon" file="E:\program\trae\chart\code\geom\tests\test_polygon.cpp" line="198" status="run" result="completed" time="0" timestamp="2026-03-25T14:09:55.218" classname="PolygonTest" />
    <testcase name="CreateCircle_ReturnsValidPolygon" file="E:\program\trae\chart\code\geom\tests\test_polygon.cpp" line="206" status="run" result="completed" time="0" timestamp="2026-03-25T14:09:55.218" classname="PolygonTest" />
    <testcase name="CreateTriangle_ReturnsValidPolygon" file="E:\program\trae\chart\code\geom\tests\test_polygon.cpp" line="213" status="run" result="completed" time="0" timestamp="2026-03-25T14:09:55.218" classname="PolygonTest" />
    <testcase name="GetNumCoordinates_ReturnsCorrectValue" file="E:\program\trae\chart\code\geom\tests\test_polygon.cpp" line="224" status="run" result="completed" time="0" timestamp="2026-03-25T14:09:55.219" classname="PolygonTest" />
    <testcase name="GetCoordinates_ReturnsAllCoordinates" file="E:\program\trae\chart\code\geom\tests\test_polygon.cpp" line="233" status="run" result="completed" time="0" timestamp="2026-03-25T14:09:55.219" classname="PolygonTest" />
    <testcase name="AsText_ReturnsCorrectWKT" file="E:\program\trae\chart\code\geom\tests\test_polygon.cpp" line="240" status="run" result="completed" time="0" timestamp="2026-03-25T14:09:55.219" classname="PolygonTest" />
    <testcase name="AsText_WithHole_ReturnsCorrectWKT" file="E:\program\trae\chart\code\geom\tests\test_polygon.cpp" line="249" status="run" result="completed" time="0" timestamp="2026-03-25T14:09:55.220" classname="PolygonTest" />
    <testcase name="AsText_EmptyPolygon_ReturnsEmptyWKT" file="E:\program\trae\chart\code\geom\tests\test_polygon.cpp" line="261" status="run" result="completed" time="0" timestamp="2026-03-25T14:09:55.220" classname="PolygonTest" />
    <testcase name="Clone_ReturnsIdenticalPolygon" file="E:\program\trae\chart\code\geom\tests\test_polygon.cpp" line="266" status="run" result="completed" time="0" timestamp="2026-03-25T14:09:55.220" classname="PolygonTest" />
    <testcase name="Clone_WithHoles_ReturnsIdenticalPolygon" file="E:\program\trae\chart\code\geom\tests\test_polygon.cpp" line="275" status="run" result="completed" time="0" timestamp="2026-03-25T14:09:55.221" classname="PolygonTest" />
    <testcase name="CloneEmpty_ReturnsEmptyPolygon" file="E:\program\trae\chart\code\geom\tests\test_polygon.cpp" line="289" status="run" result="completed" time="0" timestamp="2026-03-25T14:09:55.221" classname="PolygonTest" />
    <testcase name="GetEnvelope_ReturnsCorrectEnvelope" file="E:\program\trae\chart\code\geom\tests\test_polygon.cpp" line="298" status="run" result="completed" time="0" timestamp="2026-03-25T14:09:55.221" classname="PolygonTest" />
    <testcase name="ContainsRing_ReturnsCorrectValue" file="E:\program\trae\chart\code\geom\tests\test_polygon.cpp" line="308" status="run" result="completed" time="0" timestamp="2026-03-25T14:09:55.222" classname="PolygonTest" />
  </testsuite>
  <testsuite name="CommonTest" tests="13" failures="0" disabled="0" skipped="0" errors="0" time="0.004" timestamp="2026-03-25T14:09:55.222">
    <testcase name="GeomType_AllTypesHaveNames" file="E:\program\trae\chart\code\geom\tests\test_common.cpp" line="13" status="run" result="completed" time="0" timestamp="2026-03-25T14:09:55.222" classname="CommonTest" />
    <testcase name="GeomResult_AllCodesHaveDescriptions" file="E:\program\trae\chart\code\geom\tests\test_common.cpp" line="32" status="run" result="completed" time="0" timestamp="2026-03-25T14:09:55.223" classname="CommonTest" />
    <testcase name="IsEqual_EqualValues" file="E:\program\trae\chart\code\geom\tests\test_common.cpp" line="82" status="run" result="completed" time="0" timestamp="2026-03-25T14:09:55.223" classname="CommonTest" />
    <testcase name="IsEqual_WithinTolerance" file="E:\program\trae\chart\code\geom\tests\test_common.cpp" line="89" status="run" result="completed" time="0" timestamp="2026-03-25T14:09:55.223" classname="CommonTest" />
    <testcase name="IsEqual_OutsideTolerance" file="E:\program\trae\chart\code\geom\tests\test_common.cpp" line="96" status="run" result="completed" time="0" timestamp="2026-03-25T14:09:55.224" classname="CommonTest" />
    <testcase name="IsEqual_CustomTolerance" file="E:\program\trae\chart\code\geom\tests\test_common.cpp" line="102" status="run" result="completed" time="0" timestamp="2026-03-25T14:09:55.224" classname="CommonTest" />
    <testcase name="IsZero_ZeroValues" file="E:\program\trae\chart\code\geom\tests\test_common.cpp" line="108" status="run" result="completed" time="0" timestamp="2026-03-25T14:09:55.224" classname="CommonTest" />
    <testcase name="IsZero_NonZeroValues" file="E:\program\trae\chart\code\geom\tests\test_common.cpp" line="115" status="run" result="completed" time="0" timestamp="2026-03-25T14:09:55.225" classname="CommonTest" />
    <testcase name="IsZero_CustomTolerance" file="E:\program\trae\chart\code\geom\tests\test_common.cpp" line="122" status="run" result="completed" time="0" timestamp="2026-03-25T14:09:55.225" classname="CommonTest" />
    <testcase name="Constants_DefaultValues" file="E:\program\trae\chart\code\geom\tests\test_common.cpp" line="128" status="run" result="completed" time="0" timestamp="2026-03-25T14:09:55.225" classname="CommonTest" />
    <testcase name="GeomType_UnderlyingType" file="E:\program\trae\chart\code\geom\tests\test_common.cpp" line="133" status="run" result="completed" time="0" timestamp="2026-03-25T14:09:55.226" classname="CommonTest" />
    <testcase name="Dimension_UnderlyingType" file="E:\program\trae\chart\code\geom\tests\test_common.cpp" line="138" status="run" result="completed" time="0" timestamp="2026-03-25T14:09:55.226" classname="CommonTest" />
    <testcase name="GeomResult_UnderlyingType" file="E:\program\trae\chart\code\geom\tests\test_common.cpp" line="143" status="run" result="completed" time="0" timestamp="2026-03-25T14:09:55.226" classname="CommonTest" />
  </testsuite>
</testsuites>
